12:36:06 [main] INFO  Revature.Project_0.ProjectDriver - We've just greeted the user!
12:36:06 [main] WARN  Revature.Project_0.ProjectDriver - We've just greeted the user!
12:36:06 [main] ERROR Revature.Project_0.ProjectDriver - We've just greeted the user!
12:36:06 [main] FATAL Revature.Project_0.ProjectDriver - We've just greeted the user!
12:36:36 [main] INFO  Revature.Project_0.ProjectDriver - We've just greeted the user!
12:36:36 [main] WARN  Revature.Project_0.ProjectDriver - We've just greeted the user!
12:36:36 [main] ERROR Revature.Project_0.ProjectDriver - We've just greeted the user!
12:36:36 [main] FATAL Revature.Project_0.ProjectDriver - We've just greeted the user!
12:45:29 [main] INFO  Revature.Project_0.ProjectDriver - We've just greeted the user!
12:49:14 [main] INFO  Revature.Project_0.ProjectDriver - We've just greeted the user!
2022-04-23-1250 [main] INFO  Revature.Project_0.ProjectDriver - We've just greeted the user!
2022-04-23-1252 [main] INFO  - We've just greeted the user!
2022-04-23-1338 [main] INFO  - Disgaea has withdrawn $174.63  from checkings
2022-04-23-1339 [main] INFO  - Disgaea has deposited $5.0 into checkings
2022-04-23-1339 [main] INFO  - Disgaea has deposited $50.0 into savings
2022-04-27-1218 [main] INFO  - Sispup has created new account.
2022-04-27-1245 [main] INFO  - 1234 has denied Sispup's account
2022-04-27-1247 [main] INFO  - 5647 has hired 4978!
2022-04-27-1248 [main] INFO  - 5647 has updated 4978's hourly wage.
2022-04-27-1301 [main] INFO  - Disgaea has created a joint account with forver
2022-04-27-1308 [main] INFO  - Disgaea has deposited $76.43 into joint account
2022-04-27-1310 [main] INFO  - forver has deposited $100.5 into checkings
2022-04-28-1246 [main] INFO  - 5647 has transfered $30.0 from Disgaea to forver
2022-05-01-0946 [main] INFO  - Disgaea has deposited $3.56 into checkings
2022-05-01-0946 [main] INFO  - Disgaea has withdrawn $50.0  from checkings
2022-05-01-0947 [main] INFO  - Disgaea has deposited $10.0 into savings
2022-05-01-0947 [main] INFO  - Disgaea has withdrawn $100.0 from savings
2022-05-01-0950 [main] INFO  - Disgaea has deposited $100.0 into joint account
2022-05-01-1946 [main] INFO  - west has created new account.
2022-05-01-1947 [main] INFO  - 1234 has denied west's account
